  App1.cpp
D:\Users\LEIGH\Documents\GitHub\CMP400T1\CMP305_Base\Constants.h(6,38): warning C4305: 'initializing': truncation from 'double' to 'float'
D:\Users\LEIGH\Documents\GitHub\CMP400T1\CMP305_Base\App1.cpp(11,12): warning C4244: 'argument': conversion from 'time_t' to 'unsigned int', possible loss of data
  Lithosphere.cpp
D:\Users\LEIGH\Documents\GitHub\CMP400T1\CMP305_Base\Constants.h(6,38): warning C4305: 'initializing': truncation from 'double' to 'float'
D:\Users\LEIGH\Documents\GitHub\CMP400T1\CMP305_Base\Lithosphere.cpp(65,22): warning C4244: 'initializing': conversion from 'int' to 'float', possible loss of data
D:\Users\LEIGH\Documents\GitHub\CMP400T1\CMP305_Base\Lithosphere.cpp(154,12): warning C4244: 'initializing': conversion from 'float' to 'int', possible loss of data
D:\Users\LEIGH\Documents\GitHub\CMP400T1\CMP305_Base\Lithosphere.cpp(155,14): warning C4244: 'initializing': conversion from 'float' to 'int', possible loss of data
D:\Users\LEIGH\Documents\GitHub\CMP400T1\CMP305_Base\Lithosphere.cpp(157,14): warning C4244: 'initializing': conversion from 'float' to 'int', possible loss of data
D:\Users\LEIGH\Documents\GitHub\CMP400T1\CMP305_Base\Lithosphere.cpp(158,15): warning C4244: 'initializing': conversion from 'float' to 'int', possible loss of data
D:\Users\LEIGH\Documents\GitHub\CMP400T1\CMP305_Base\Lithosphere.cpp(160,54): warning C4244: 'argument': conversion from 'int' to 'float', possible loss of data
D:\Users\LEIGH\Documents\GitHub\CMP400T1\CMP305_Base\Lithosphere.cpp(160,81): warning C4244: 'argument': conversion from 'int' to 'float', possible loss of data
D:\Users\LEIGH\Documents\GitHub\CMP400T1\CMP305_Base\Lithosphere.cpp(160,121): warning C4244: 'argument': conversion from 'int' to 'float', possible loss of data
D:\Users\LEIGH\Documents\GitHub\CMP400T1\CMP305_Base\Lithosphere.cpp(160,105): warning C4244: 'argument': conversion from 'int' to 'float', possible loss of data
D:\Users\LEIGH\Documents\GitHub\CMP400T1\CMP305_Base\Lithosphere.cpp(160,164): warning C4244: 'argument': conversion from 'int' to 'float', possible loss of data
D:\Users\LEIGH\Documents\GitHub\CMP400T1\CMP305_Base\Lithosphere.cpp(160,147): warning C4244: 'argument': conversion from 'int' to 'float', possible loss of data
D:\Users\LEIGH\Documents\GitHub\CMP400T1\CMP305_Base\Lithosphere.cpp(161,34): warning C4244: 'argument': conversion from 'int' to 'float', possible loss of data
D:\Users\LEIGH\Documents\GitHub\CMP400T1\CMP305_Base\Lithosphere.cpp(161,80): warning C4244: 'argument': conversion from 'int' to 'float', possible loss of data
D:\Users\LEIGH\Documents\GitHub\CMP400T1\CMP305_Base\Lithosphere.cpp(161,123): warning C4244: 'argument': conversion from 'int' to 'float', possible loss of data
D:\Users\LEIGH\Documents\GitHub\CMP400T1\CMP305_Base\Lithosphere.cpp(161,107): warning C4244: 'argument': conversion from 'int' to 'float', possible loss of data
D:\Users\LEIGH\Documents\GitHub\CMP400T1\CMP305_Base\Lithosphere.cpp(161,166): warning C4244: 'argument': conversion from 'int' to 'float', possible loss of data
D:\Users\LEIGH\Documents\GitHub\CMP400T1\CMP305_Base\Lithosphere.cpp(161,149): warning C4244: 'argument': conversion from 'int' to 'float', possible loss of data
D:\Users\LEIGH\Documents\GitHub\CMP400T1\CMP305_Base\Lithosphere.cpp(182,28): warning C4244: 'argument': conversion from 'int' to 'float', possible loss of data
D:\Users\LEIGH\Documents\GitHub\CMP400T1\CMP305_Base\Lithosphere.cpp(182,26): warning C4244: 'argument': conversion from 'int' to 'float', possible loss of data
D:\Users\LEIGH\Documents\GitHub\CMP400T1\CMP305_Base\Lithosphere.cpp(226,44): warning C4244: 'argument': conversion from 'float' to 'int', possible loss of data
D:\Users\LEIGH\Documents\GitHub\CMP400T1\CMP305_Base\Lithosphere.cpp(227,44): warning C4244: 'argument': conversion from 'float' to 'int', possible loss of data
D:\Users\LEIGH\Documents\GitHub\CMP400T1\CMP305_Base\Lithosphere.cpp(338,45): warning C4244: 'argument': conversion from 'int' to 'float', possible loss of data
D:\Users\LEIGH\Documents\GitHub\CMP400T1\CMP305_Base\Lithosphere.cpp(338,25): warning C4244: 'argument': conversion from 'int' to 'float', possible loss of data
D:\Users\LEIGH\Documents\GitHub\CMP400T1\CMP305_Base\Lithosphere.cpp(339,50): warning C4244: 'argument': conversion from 'int' to 'float', possible loss of data
D:\Users\LEIGH\Documents\GitHub\CMP400T1\CMP305_Base\Lithosphere.cpp(339,26): warning C4244: 'argument': conversion from 'int' to 'float', possible loss of data
D:\Users\LEIGH\Documents\GitHub\CMP400T1\CMP305_Base\Lithosphere.cpp(357,20): warning C4244: 'initializing': conversion from 'int' to 'float', possible loss of data
D:\Users\LEIGH\Documents\GitHub\CMP400T1\CMP305_Base\Lithosphere.cpp(358,20): warning C4244: 'initializing': conversion from 'int' to 'float', possible loss of data
D:\Users\LEIGH\Documents\GitHub\CMP400T1\CMP305_Base\Lithosphere.cpp(392,57): warning C4244: 'argument': conversion from 'double' to 'float', possible loss of data
D:\Users\LEIGH\Documents\GitHub\CMP400T1\CMP305_Base\Lithosphere.cpp(393,57): warning C4244: 'argument': conversion from 'double' to 'float', possible loss of data
  Main.cpp
D:\Users\LEIGH\Documents\GitHub\CMP400T1\CMP305_Base\Constants.h(6,38): warning C4305: 'initializing': truncation from 'double' to 'float'
  Plate.cpp
D:\Users\LEIGH\Documents\GitHub\CMP400T1\CMP305_Base\Constants.h(6,38): warning C4305: 'initializing': truncation from 'double' to 'float'
D:\Users\LEIGH\Documents\GitHub\CMP400T1\CMP305_Base\Plate.cpp(70,32): warning C4244: '=': conversion from 'double' to '_Ty', possible loss of data
          with
          [
              _Ty=float
          ]
D:\Users\LEIGH\Documents\GitHub\CMP400T1\CMP305_Base\Plate.cpp(83,9): warning C4244: '=': conversion from 'float' to 'int', possible loss of data
D:\Users\LEIGH\Documents\GitHub\CMP400T1\CMP305_Base\Plate.cpp(84,9): warning C4244: '=': conversion from 'float' to 'int', possible loss of data
D:\Users\LEIGH\Documents\GitHub\CMP400T1\CMP305_Base\Plate.cpp(98,10): warning C4244: '=': conversion from 'int32_t' to 'float', possible loss of data
D:\Users\LEIGH\Documents\GitHub\CMP400T1\CMP305_Base\Plate.cpp(101,10): warning C4244: '=': conversion from 'int32_t' to 'float', possible loss of data
D:\Users\LEIGH\Documents\GitHub\CMP400T1\CMP305_Base\Plate.cpp(114,11): warning C4244: '=': conversion from 'float' to 'int', possible loss of data
D:\Users\LEIGH\Documents\GitHub\CMP400T1\CMP305_Base\Plate.cpp(119,11): warning C4244: '=': conversion from 'float' to 'int', possible loss of data
D:\Users\LEIGH\Documents\GitHub\CMP400T1\CMP305_Base\Plate.cpp(125,11): warning C4244: '=': conversion from 'float' to 'int', possible loss of data
D:\Users\LEIGH\Documents\GitHub\CMP400T1\CMP305_Base\Plate.cpp(130,11): warning C4244: '=': conversion from 'float' to 'int', possible loss of data
D:\Users\LEIGH\Documents\GitHub\CMP400T1\CMP305_Base\Plate.cpp(161,13): warning C4244: 'initializing': conversion from 'float' to 'int', possible loss of data
D:\Users\LEIGH\Documents\GitHub\CMP400T1\CMP305_Base\Plate.cpp(162,13): warning C4244: 'initializing': conversion from 'float' to 'int', possible loss of data
  TerrainMesh.cpp
D:\Users\LEIGH\Documents\GitHub\CMP400T1\CMP305_Base\Constants.h(6,38): warning C4305: 'initializing': truncation from 'double' to 'float'
D:\Users\LEIGH\Documents\GitHub\CMP400T1\CMP305_Base\TerrainMesh.cpp(56,38): warning C4101: 'indexBufferDesc': unreferenced local variable
D:\Users\LEIGH\Documents\GitHub\CMP400T1\CMP305_Base\TerrainMesh.cpp(57,25): warning C4101: 'vertexData': unreferenced local variable
D:\Users\LEIGH\Documents\GitHub\CMP400T1\CMP305_Base\TerrainMesh.cpp(57,37): warning C4101: 'indexData': unreferenced local variable
D:\Users\LEIGH\Documents\GitHub\CMP400T1\CMP305_Base\TerrainMesh.cpp(56,20): warning C4101: 'vertexBufferDesc': unreferenced local variable
D:\Users\LEIGH\Documents\GitHub\CMP400T1\CMP305_Base\TerrainMesh.cpp(238,26): warning C4305: '*=': truncation from 'double' to '_Ty'
          with
          [
              _Ty=float
          ]
D:\Users\LEIGH\Documents\GitHub\CMP400T1\CMP305_Base\TerrainMesh.cpp(258,24): warning C4244: '=': conversion from 'int' to 'float', possible loss of data
D:\Users\LEIGH\Documents\GitHub\CMP400T1\CMP305_Base\TerrainMesh.cpp(260,26): warning C4244: '=': conversion from 'int' to 'float', possible loss of data
D:\Users\LEIGH\Documents\GitHub\CMP400T1\CMP305_Base\TerrainMesh.cpp(261,22): warning C4244: '=': conversion from 'int' to 'float', possible loss of data
D:\Users\LEIGH\Documents\GitHub\CMP400T1\CMP305_Base\TerrainMesh.cpp(274,21): warning C4244: '=': conversion from 'int' to 'float', possible loss of data
D:\Users\LEIGH\Documents\GitHub\CMP400T1\CMP305_Base\TerrainMesh.cpp(275,21): warning C4244: '=': conversion from 'int' to 'float', possible loss of data
D:\Users\LEIGH\Documents\GitHub\CMP400T1\CMP305_Base\TerrainMesh.cpp(276,15): warning C4101: 'rhs': unreferenced local variable
D:\Users\LEIGH\Documents\GitHub\CMP400T1\CMP305_Base\TerrainMesh.cpp(276,10): warning C4101: 'lhs': unreferenced local variable
  Generating Code...
  CMP305_Base.vcxproj -> D:\Users\LEIGH\Documents\GitHub\CMP400T1\x64\Debug\CMP305_Base.exe
