d:\work\abertay\cmp305\cmp301_lighting-master\cmp305_base\cmp305_base\dxframework\x64\debug\dxframework.pdb
d:\work\abertay\cmp305\cmp301_lighting-master\cmp305_base\cmp305_base\dxframework\x64\debug\dxframework.idb
d:\work\abertay\cmp305\cmp301_lighting-master\cmp305_base\cmp305_base\dxframework\x64\debug\quadmesh.obj
d:\work\abertay\cmp305\cmp301_lighting-master\cmp305_base\cmp305_base\dxframework\x64\debug\pointmesh.obj
d:\work\abertay\cmp305\cmp301_lighting-master\cmp305_base\cmp305_base\dxframework\x64\debug\planemesh.obj
d:\work\abertay\cmp305\cmp301_lighting-master\cmp305_base\cmp305_base\dxframework\x64\debug\orthomesh.obj
d:\work\abertay\cmp305\cmp301_lighting-master\cmp305_base\cmp305_base\dxframework\x64\debug\model.obj
d:\work\abertay\cmp305\cmp301_lighting-master\cmp305_base\cmp305_base\dxframework\x64\debug\light.obj
d:\work\abertay\cmp305\cmp301_lighting-master\cmp305_base\cmp305_base\dxframework\x64\debug\input.obj
d:\work\abertay\cmp305\cmp301_lighting-master\cmp305_base\cmp305_base\dxframework\x64\debug\fpcamera.obj
d:\work\abertay\cmp305\cmp301_lighting-master\cmp305_base\cmp305_base\dxframework\x64\debug\d3d.obj
d:\work\abertay\cmp305\cmp301_lighting-master\cmp305_base\cmp305_base\dxframework\x64\debug\cubemesh.obj
d:\work\abertay\cmp305\cmp301_lighting-master\cmp305_base\cmp305_base\dxframework\x64\debug\camera.obj
d:\work\abertay\cmp305\cmp301_lighting-master\cmp305_base\cmp305_base\dxframework\x64\debug\baseshader.obj
d:\work\abertay\cmp305\cmp301_lighting-master\cmp305_base\cmp305_base\dxframework\x64\debug\basemesh.obj
d:\work\abertay\cmp305\cmp301_lighting-master\cmp305_base\cmp305_base\dxframework\x64\debug\baseapplication.obj
d:\work\abertay\cmp305\cmp301_lighting-master\cmp305_base\cmp305_base\dxframework\x64\debug\amodel.obj
d:\work\abertay\cmp305\cmp301_lighting-master\cmp305_base\cmp305_base\dxframework\x64\debug\imgui_impl_win32.obj
d:\work\abertay\cmp305\cmp301_lighting-master\cmp305_base\cmp305_base\dxframework\x64\debug\imgui_impl_dx11.obj
d:\work\abertay\cmp305\cmp301_lighting-master\cmp305_base\cmp305_base\dxframework\x64\debug\imgui_draw.obj
d:\work\abertay\cmp305\cmp301_lighting-master\cmp305_base\cmp305_base\dxframework\x64\debug\imgui_demo.obj
d:\work\abertay\cmp305\cmp301_lighting-master\cmp305_base\cmp305_base\dxframework\x64\debug\imgui.obj
d:\work\abertay\cmp305\cmp301_lighting-master\cmp305_base\cmp305_base\dxframework\x64\debug\trianglemesh.obj
d:\work\abertay\cmp305\cmp301_lighting-master\cmp305_base\cmp305_base\dxframework\x64\debug\tokenstream.obj
d:\work\abertay\cmp305\cmp301_lighting-master\cmp305_base\cmp305_base\dxframework\x64\debug\timer.obj
d:\work\abertay\cmp305\cmp301_lighting-master\cmp305_base\cmp305_base\dxframework\x64\debug\texturemanager.obj
d:\work\abertay\cmp305\cmp301_lighting-master\cmp305_base\cmp305_base\dxframework\x64\debug\tessellationmesh.obj
d:\work\abertay\cmp305\cmp301_lighting-master\cmp305_base\cmp305_base\dxframework\x64\debug\system.obj
d:\work\abertay\cmp305\cmp301_lighting-master\cmp305_base\cmp305_base\dxframework\x64\debug\spheremesh.obj
d:\work\abertay\cmp305\cmp301_lighting-master\cmp305_base\cmp305_base\dxframework\x64\debug\shadowmap.obj
d:\work\abertay\cmp305\cmp301_lighting-master\cmp305_base\cmp305_base\dxframework\x64\debug\rendertexture.obj
d:\work\abertay\cmp305\cmp301_lighting-master\cmp305_base\cmp305_base\lib\debug\dxframework.lib
g:\downloads\cmp305_baseg\cmp305_base\dxframework\x64\debug\amodel.obj
g:\downloads\cmp305_baseg\cmp305_base\dxframework\x64\debug\baseapplication.obj
g:\downloads\cmp305_baseg\cmp305_base\dxframework\x64\debug\basemesh.obj
g:\downloads\cmp305_baseg\cmp305_base\dxframework\x64\debug\baseshader.obj
g:\downloads\cmp305_baseg\cmp305_base\dxframework\x64\debug\camera.obj
g:\downloads\cmp305_baseg\cmp305_base\dxframework\x64\debug\cubemesh.obj
g:\downloads\cmp305_baseg\cmp305_base\dxframework\x64\debug\d3d.obj
g:\downloads\cmp305_baseg\cmp305_base\dxframework\x64\debug\fpcamera.obj
g:\downloads\cmp305_baseg\cmp305_base\dxframework\x64\debug\imgui.obj
g:\downloads\cmp305_baseg\cmp305_base\dxframework\x64\debug\imgui_demo.obj
g:\downloads\cmp305_baseg\cmp305_base\dxframework\x64\debug\imgui_draw.obj
g:\downloads\cmp305_baseg\cmp305_base\dxframework\x64\debug\imgui_impl_dx11.obj
g:\downloads\cmp305_baseg\cmp305_base\dxframework\x64\debug\imgui_impl_win32.obj
g:\downloads\cmp305_baseg\cmp305_base\dxframework\x64\debug\input.obj
g:\downloads\cmp305_baseg\cmp305_base\dxframework\x64\debug\light.obj
g:\downloads\cmp305_baseg\cmp305_base\dxframework\x64\debug\model.obj
g:\downloads\cmp305_baseg\cmp305_base\dxframework\x64\debug\orthomesh.obj
g:\downloads\cmp305_baseg\cmp305_base\dxframework\x64\debug\planemesh.obj
g:\downloads\cmp305_baseg\cmp305_base\dxframework\x64\debug\pointmesh.obj
g:\downloads\cmp305_baseg\cmp305_base\dxframework\x64\debug\quadmesh.obj
g:\downloads\cmp305_baseg\cmp305_base\dxframework\x64\debug\rendertexture.obj
g:\downloads\cmp305_baseg\cmp305_base\dxframework\x64\debug\shadowmap.obj
g:\downloads\cmp305_baseg\cmp305_base\dxframework\x64\debug\spheremesh.obj
g:\downloads\cmp305_baseg\cmp305_base\dxframework\x64\debug\system.obj
g:\downloads\cmp305_baseg\cmp305_base\dxframework\x64\debug\tessellationmesh.obj
g:\downloads\cmp305_baseg\cmp305_base\dxframework\x64\debug\texturemanager.obj
g:\downloads\cmp305_baseg\cmp305_base\dxframework\x64\debug\timer.obj
g:\downloads\cmp305_baseg\cmp305_base\dxframework\x64\debug\tokenstream.obj
g:\downloads\cmp305_baseg\cmp305_base\dxframework\x64\debug\trianglemesh.obj
g:\downloads\cmp305_baseg\cmp305_base\dxframework\x64\debug\dxframework.idb
g:\downloads\cmp305_baseg\cmp305_base\dxframework\x64\debug\dxframework.pdb
g:\downloads\cmp305_baseg\cmp305_base\lib\debug\dxframework.pdb
g:\downloads\cmp305_baseg\cmp305_base\lib\debug\dxframework.lib
g:\downloads\cmp305_baseg\cmp305_base\dxframework\x64\debug\dxframework.tlog\cl.command.1.tlog
g:\downloads\cmp305_baseg\cmp305_base\dxframework\x64\debug\dxframework.tlog\cl.read.1.tlog
g:\downloads\cmp305_baseg\cmp305_base\dxframework\x64\debug\dxframework.tlog\cl.write.1.tlog
g:\downloads\cmp305_baseg\cmp305_base\dxframework\x64\debug\dxframework.tlog\lib-link.read.1.tlog
g:\downloads\cmp305_baseg\cmp305_base\dxframework\x64\debug\dxframework.tlog\lib-link.write.1.tlog
g:\downloads\cmp305_baseg\cmp305_base\dxframework\x64\debug\dxframework.tlog\lib.command.1.tlog
